[4.248s] Invoking command in '/home/hiva/ros2_ws/src/my_robot_controller': PYTHONPATH=/home/hiva/ros2_ws/build/my_robot_controller/prefix_override:/home/hiva/ros2_ws/install/my_robot_controller/lib/python3.10/site-packages:${PYTHONPATH} /usr/bin/python3 setup.py egg_info --egg-base ../../build/my_robot_controller build --build-base /home/hiva/ros2_ws/build/my_robot_controller/build install --record /home/hiva/ros2_ws/build/my_robot_controller/install.log --single-version-externally-managed
[6.461s] running egg_info
[6.465s] writing ../../build/my_robot_controller/my_robot_controller.egg-info/PKG-INFO
[6.467s] writing dependency_links to ../../build/my_robot_controller/my_robot_controller.egg-info/dependency_links.txt
[6.469s] writing entry points to ../../build/my_robot_controller/my_robot_controller.egg-info/entry_points.txt
[6.470s] writing requirements to ../../build/my_robot_controller/my_robot_controller.egg-info/requires.txt
[6.471s] writing top-level names to ../../build/my_robot_controller/my_robot_controller.egg-info/top_level.txt
[6.487s] reading manifest file '../../build/my_robot_controller/my_robot_controller.egg-info/SOURCES.txt'
[6.491s] writing manifest file '../../build/my_robot_controller/my_robot_controller.egg-info/SOURCES.txt'
[6.492s] running build
[6.494s] running build_py
[6.495s] copying my_robot_controller/my_first_node.py -> /home/hiva/ros2_ws/build/my_robot_controller/build/lib/my_robot_controller
[6.496s] running install
[6.499s] running install_lib
[6.505s] copying /home/hiva/ros2_ws/build/my_robot_controller/build/lib/my_robot_controller/my_first_node.py -> /home/hiva/ros2_ws/install/my_robot_controller/lib/python3.10/site-packages/my_robot_controller
[6.510s] byte-compiling /home/hiva/ros2_ws/install/my_robot_controller/lib/python3.10/site-packages/my_robot_controller/my_first_node.py to my_first_node.cpython-310.pyc
[6.514s] running install_data
[6.518s] running install_egg_info
[6.532s] removing '/home/hiva/ros2_ws/install/my_robot_controller/lib/python3.10/site-packages/my_robot_controller-0.0.0-py3.10.egg-info' (and everything under it)
[6.536s] Copying ../../build/my_robot_controller/my_robot_controller.egg-info to /home/hiva/ros2_ws/install/my_robot_controller/lib/python3.10/site-packages/my_robot_controller-0.0.0-py3.10.egg-info
[6.546s] running install_scripts
[6.710s] Installing test_node script to /home/hiva/ros2_ws/install/my_robot_controller/lib/my_robot_controller
[6.714s] writing list of installed files to '/home/hiva/ros2_ws/build/my_robot_controller/install.log'
[6.853s] Invoked command in '/home/hiva/ros2_ws/src/my_robot_controller' returned '0': PYTHONPATH=/home/hiva/ros2_ws/build/my_robot_controller/prefix_override:/home/hiva/ros2_ws/install/my_robot_controller/lib/python3.10/site-packages:${PYTHONPATH} /usr/bin/python3 setup.py egg_info --egg-base ../../build/my_robot_controller build --build-base /home/hiva/ros2_ws/build/my_robot_controller/build install --record /home/hiva/ros2_ws/build/my_robot_controller/install.log --single-version-externally-managed
