[3.906s] DEBUG:colcon:Command line arguments: ['/usr/bin/colcon', 'list', '-p', '--base-paths', '/home/hiva/ros2_ws']
[3.907s] DEBUG:colcon:Parsed command line arguments: Namespace(log_base=None, log_level=None, verb_name='list', build_base='build', ignore_user_meta=False, metas=['./colcon.meta'], base_paths=['/home/hiva/ros2_ws'], packages_ignore=None, packages_ignore_regex=None, paths=None, packages_up_to=None, packages_up_to_regex=None, packages_above=None, packages_above_and_dependencies=None, packages_above_depth=None, packages_select_by_dep=None, packages_skip_by_dep=None, packages_skip_up_to=None, packages_select_build_failed=False, packages_skip_build_finished=False, packages_select_test_failures=False, packages_skip_test_passed=False, packages_select=None, packages_skip=None, packages_select_regex=None, packages_skip_regex=None, packages_start=None, packages_end=None, allow_overriding=[], topological_order=False, names_only=False, paths_only=True, topological_graph=False, topological_graph_dot=False, topological_graph_density=False, topological_graph_legend=False, topological_graph_dot_cluster=False, topological_graph_dot_include_skipped=False, verb_parser=<colcon_defaults.argument_parser.defaults.DefaultArgumentsDecorator object at 0x7f11bb70c7c0>, verb_extension=<colcon_package_information.verb.list.ListVerb object at 0x7f11bb6212a0>, main=<bound method ListVerb.main of <colcon_package_information.verb.list.ListVerb object at 0x7f11bb6212a0>>)
[4.475s] Level 1:colcon.colcon_core.package_discovery:discover_packages(colcon_meta) check parameters
[4.475s] Level 1:colcon.colcon_core.package_discovery:discover_packages(recursive) check parameters
[4.476s] Level 1:colcon.colcon_core.package_discovery:discover_packages(ignore) check parameters
[4.476s] Level 1:colcon.colcon_core.package_discovery:discover_packages(path) check parameters
[4.486s] Level 1:colcon.colcon_core.package_discovery:discover_packages(recursive) discover
[4.487s] INFO:colcon.colcon_core.package_discovery:Crawling recursively for packages in '/home/hiva/ros2_ws'
[4.488s] Level 1:colcon.colcon_core.package_identification:_identify(/home/hiva/ros2_ws) by extensions ['ignore', 'ignore_ament_install']
[4.489s] Level 1:colcon.colcon_core.package_identification:_identify(/home/hiva/ros2_ws) by extension 'ignore'
[4.490s] Level 1:colcon.colcon_core.package_identification:_identify(/home/hiva/ros2_ws) by extension 'ignore_ament_install'
[4.491s] Level 1:colcon.colcon_core.package_identification:_identify(/home/hiva/ros2_ws) by extensions ['colcon_pkg']
[4.491s] Level 1:colcon.colcon_core.package_identification:_identify(/home/hiva/ros2_ws) by extension 'colcon_pkg'
[4.491s] Level 1:colcon.colcon_core.package_identification:_identify(/home/hiva/ros2_ws) by extensions ['colcon_meta']
[4.492s] Level 1:colcon.colcon_core.package_identification:_identify(/home/hiva/ros2_ws) by extension 'colcon_meta'
[4.492s] Level 1:colcon.colcon_core.package_identification:_identify(/home/hiva/ros2_ws) by extensions ['ros']
[4.493s] Level 1:colcon.colcon_core.package_identification:_identify(/home/hiva/ros2_ws) by extension 'ros'
[4.744s] Level 1:colcon.colcon_core.package_identification:_identify(/home/hiva/ros2_ws) by extensions ['cmake', 'python']
[4.745s] Level 1:colcon.colcon_core.package_identification:_identify(/home/hiva/ros2_ws) by extension 'cmake'
[4.747s] Level 1:colcon.colcon_core.package_identification:_identify(/home/hiva/ros2_ws) by extension 'python'
[4.748s] Level 1:colcon.colcon_core.package_identification:_identify(/home/hiva/ros2_ws) by extensions ['python_setup_py']
[4.748s] Level 1:colcon.colcon_core.package_identification:_identify(/home/hiva/ros2_ws) by extension 'python_setup_py'
[4.750s] Level 1:colcon.colcon_core.package_identification:_identify(/home/hiva/ros2_ws/build) by extensions ['ignore', 'ignore_ament_install']
[4.750s] Level 1:colcon.colcon_core.package_identification:_identify(/home/hiva/ros2_ws/build) by extension 'ignore'
[4.751s] Level 1:colcon.colcon_core.package_identification:_identify(/home/hiva/ros2_ws/build) ignored
[4.752s] Level 1:colcon.colcon_core.package_identification:_identify(/home/hiva/ros2_ws/install) by extensions ['ignore', 'ignore_ament_install']
[4.753s] Level 1:colcon.colcon_core.package_identification:_identify(/home/hiva/ros2_ws/install) by extension 'ignore'
[4.753s] Level 1:colcon.colcon_core.package_identification:_identify(/home/hiva/ros2_ws/install) ignored
[4.755s] Level 1:colcon.colcon_core.package_identification:_identify(/home/hiva/ros2_ws/log) by extensions ['ignore', 'ignore_ament_install']
[4.755s] Level 1:colcon.colcon_core.package_identification:_identify(/home/hiva/ros2_ws/log) by extension 'ignore'
[4.756s] Level 1:colcon.colcon_core.package_identification:_identify(/home/hiva/ros2_ws/log) ignored
[4.757s] Level 1:colcon.colcon_core.package_identification:_identify(/home/hiva/ros2_ws/src) by extensions ['ignore', 'ignore_ament_install']
[4.758s] Level 1:colcon.colcon_core.package_identification:_identify(/home/hiva/ros2_ws/src) by extension 'ignore'
[4.758s] Level 1:colcon.colcon_core.package_identification:_identify(/home/hiva/ros2_ws/src) by extension 'ignore_ament_install'
[4.759s] Level 1:colcon.colcon_core.package_identification:_identify(/home/hiva/ros2_ws/src) by extensions ['colcon_pkg']
[4.759s] Level 1:colcon.colcon_core.package_identification:_identify(/home/hiva/ros2_ws/src) by extension 'colcon_pkg'
[4.760s] Level 1:colcon.colcon_core.package_identification:_identify(/home/hiva/ros2_ws/src) by extensions ['colcon_meta']
[4.760s] Level 1:colcon.colcon_core.package_identification:_identify(/home/hiva/ros2_ws/src) by extension 'colcon_meta'
[4.761s] Level 1:colcon.colcon_core.package_identification:_identify(/home/hiva/ros2_ws/src) by extensions ['ros']
[4.763s] Level 1:colcon.colcon_core.package_identification:_identify(/home/hiva/ros2_ws/src) by extension 'ros'
[4.764s] Level 1:colcon.colcon_core.package_identification:_identify(/home/hiva/ros2_ws/src) by extensions ['cmake', 'python']
[4.765s] Level 1:colcon.colcon_core.package_identification:_identify(/home/hiva/ros2_ws/src) by extension 'cmake'
[4.765s] Level 1:colcon.colcon_core.package_identification:_identify(/home/hiva/ros2_ws/src) by extension 'python'
[4.766s] Level 1:colcon.colcon_core.package_identification:_identify(/home/hiva/ros2_ws/src) by extensions ['python_setup_py']
[4.766s] Level 1:colcon.colcon_core.package_identification:_identify(/home/hiva/ros2_ws/src) by extension 'python_setup_py'
[4.767s] Level 1:colcon.colcon_core.package_identification:_identify(/home/hiva/ros2_ws/src/my_robot_controller) by extensions ['ignore', 'ignore_ament_install']
[4.768s] Level 1:colcon.colcon_core.package_identification:_identify(/home/hiva/ros2_ws/src/my_robot_controller) by extension 'ignore'
[4.768s] Level 1:colcon.colcon_core.package_identification:_identify(/home/hiva/ros2_ws/src/my_robot_controller) by extension 'ignore_ament_install'
[4.769s] Level 1:colcon.colcon_core.package_identification:_identify(/home/hiva/ros2_ws/src/my_robot_controller) by extensions ['colcon_pkg']
[4.769s] Level 1:colcon.colcon_core.package_identification:_identify(/home/hiva/ros2_ws/src/my_robot_controller) by extension 'colcon_pkg'
[4.769s] Level 1:colcon.colcon_core.package_identification:_identify(/home/hiva/ros2_ws/src/my_robot_controller) by extensions ['colcon_meta']
[4.770s] Level 1:colcon.colcon_core.package_identification:_identify(/home/hiva/ros2_ws/src/my_robot_controller) by extension 'colcon_meta'
[4.770s] Level 1:colcon.colcon_core.package_identification:_identify(/home/hiva/ros2_ws/src/my_robot_controller) by extensions ['ros']
[4.771s] Level 1:colcon.colcon_core.package_identification:_identify(/home/hiva/ros2_ws/src/my_robot_controller) by extension 'ros'
[4.790s] DEBUG:colcon.colcon_core.package_identification:Package '/home/hiva/ros2_ws/src/my_robot_controller' with type 'ros.ament_python' and name 'my_robot_controller'
[4.790s] Level 1:colcon.colcon_core.package_discovery:discover_packages(recursive) using defaults
